02/05/13, 18:25:50, 4, 0, \\AKADEMIK02\aplikasi\RRekRapotdosen.rpt:Cannot open database.
02/05/13, 18:25:50, 4, 0, \\AKADEMIK02\aplikasi\RRekRapotdosen.rpt:File not found
02/05/13, 18:26:12, 4, 0, \\AKADEMIK02\aplikasi\RRekRapotdosen.rpt:Cannot open database.
02/05/13, 18:26:12, 4, 0, \\AKADEMIK02\aplikasi\RRekRapotdosen.rpt:File not found
02/05/13, 18:26:15, 4, 0, \\AKADEMIK02\aplikasi\RRekRapotdosen.rpt:Cannot open database.
02/05/13, 18:26:15, 4, 0, \\AKADEMIK02\aplikasi\RRekRapotdosen.rpt:File not found
02/05/13, 18:26:22, 4, 0, \\AKADEMIK02\aplikasi\RRekRapotdosen.rpt:Cannot open database.
02/05/13, 18:26:22, 4, 0, \\AKADEMIK02\aplikasi\RRekRapotdosen.rpt:File not found
02/05/13, 18:26:30, 4, 0, \\AKADEMIK02\aplikasi\RRekRapotdosen.rpt:Cannot open database.
02/05/13, 18:26:30, 4, 0, \\AKADEMIK02\aplikasi\RRekRapotdosen.rpt:File not found
02/05/13, 18:26:44, 4, 0, \\AKADEMIK02\aplikasi\RRekRapotdosen.rpt:Cannot open database.
02/05/13, 18:26:44, 4, 0, \\AKADEMIK02\aplikasi\RRekRapotdosen.rpt:File not found
02/05/13, 18:27:51, 4, 0, \\AKADEMIK02\aplikasi\RRekRapotdosen.rpt:Cannot open database.
02/05/13, 18:27:51, 4, 0, \\AKADEMIK02\aplikasi\RRekRapotdosen.rpt:File not found
02/05/13, 18:29:03, 4, 0, \\AKADEMIK02\aplikasi\RRekRapotdosen.rpt:Cannot open database.
02/05/13, 18:29:03, 4, 0, \\AKADEMIK02\aplikasi\RRekRapotdosen.rpt:File not found
02/05/13, 18:29:10, 4, 0, \\AKADEMIK02\aplikasi\RRekRapotdosen.rpt:Cannot open database.
02/05/13, 18:29:10, 4, 0, \\AKADEMIK02\aplikasi\RRekRapotdosen.rpt:File not found
02/05/13, 18:29:11, 4, 0, \\AKADEMIK02\aplikasi\RRekRapotdosen.rpt:Cannot open database.
02/05/13, 18:29:11, 4, 0, \\AKADEMIK02\aplikasi\RRekRapotdosen.rpt:File not found
02/05/13, 18:29:11, 4, 0, \\AKADEMIK02\aplikasi\RRekRapotdosen.rpt:Cannot open database.
02/05/13, 18:29:11, 4, 0, \\AKADEMIK02\aplikasi\RRekRapotdosen.rpt:File not found
02/05/13, 18:29:12, 4, 0, \\AKADEMIK02\aplikasi\RRekRapotdosen.rpt:Cannot open database.
02/05/13, 18:29:12, 4, 0, \\AKADEMIK02\aplikasi\RRekRapotdosen.rpt:File not found
02/05/13, 18:29:13, 4, 0, \\AKADEMIK02\aplikasi\RRekRapotdosen.rpt:Cannot open database.
02/05/13, 18:29:13, 4, 0, \\AKADEMIK02\aplikasi\RRekRapotdosen.rpt:File not found
02/05/13, 18:29:14, 4, 0, \\AKADEMIK02\aplikasi\RRekRapotdosen.rpt:Cannot open database.
02/05/13, 18:29:14, 4, 0, \\AKADEMIK02\aplikasi\RRekRapotdosen.rpt:File not found
02/05/13, 18:29:14, 4, 0, \\AKADEMIK02\aplikasi\RRekRapotdosen.rpt:Cannot open database.
02/05/13, 18:29:14, 4, 0, \\AKADEMIK02\aplikasi\RRekRapotdosen.rpt:File not found
02/05/13, 18:29:20, 4, 0, \\AKADEMIK02\aplikasi\RRekRapotdosen.rpt:Cannot open database.
02/05/13, 18:29:20, 4, 0, \\AKADEMIK02\aplikasi\RRekRapotdosen.rpt:File not found
02/05/13, 18:29:21, 4, 0, \\AKADEMIK02\aplikasi\RRekRapotdosen.rpt:Cannot open database.
02/05/13, 18:29:21, 4, 0, \\AKADEMIK02\aplikasi\RRekRapotdosen.rpt:File not found
02/05/13, 18:29:22, 4, 0, \\AKADEMIK02\aplikasi\RRekRapotdosen.rpt:Cannot open database.
02/05/13, 18:29:22, 4, 0, \\AKADEMIK02\aplikasi\RRekRapotdosen.rpt:File not found
02/08/13, 17:20:22, 4, 0, D:\aplikasi\RRapotdosen.rpt:This field name is not known.
02/08/13, 17:20:34, 4, 0, D:\aplikasi\RRapotdosen.rpt:This field name is not known.
02/08/13, 17:20:34, 4, 0, D:\aplikasi\RRapotdosen.rpt:This field name is not known.
02/08/13, 17:20:35, 4, 0, D:\aplikasi\RRapotdosen.rpt:This field name is not known.
02/08/13, 17:20:35, 4, 0, D:\aplikasi\RRapotdosen.rpt:This field name is not known.
02/08/13, 17:20:35, 4, 0, D:\aplikasi\RRapotdosen.rpt:This field name is not known.
02/08/13, 17:20:35, 4, 0, D:\aplikasi\RRapotdosen.rpt:This field name is not known.
02/08/13, 17:20:35, 4, 0, D:\aplikasi\RRapotdosen.rpt:This field name is not known.
02/08/13, 17:20:46, 4, 0, D:\aplikasi\RRapotdosen.rpt:This field name is not known.
02/08/13, 17:21:29, 4, 0, D:\aplikasi\RRapotdosen.rpt:This field name is not known.
02/08/13, 17:22:12, 4, 0, D:\aplikasi\RRapotdosen.rpt:This field name is not known.
02/08/13, 17:22:58, 4, 0, D:\aplikasi\RRapotdosen.rpt:This field name is not known.
02/08/13, 17:23:02, 4, 0, D:\aplikasi\RRapotdosen.rpt:This field name is not known.
02/08/13, 17:23:03, 4, 0, D:\aplikasi\RRapotdosen.rpt:This field name is not known.
02/08/13, 17:23:03, 4, 0, D:\aplikasi\RRapotdosen.rpt:This field name is not known.
02/08/13, 17:23:03, 4, 0, D:\aplikasi\RRapotdosen.rpt:This field name is not known.
02/08/13, 17:23:03, 4, 0, D:\aplikasi\RRapotdosen.rpt:This field name is not known.
02/08/13, 17:23:03, 4, 0, D:\aplikasi\RRapotdosen.rpt:This field name is not known.
02/08/13, 17:23:04, 4, 0, D:\aplikasi\RRapotdosen.rpt:This field name is not known.
02/08/13, 17:23:04, 4, 0, D:\aplikasi\RRapotdosen.rpt:This field name is not known.
02/08/13, 17:23:04, 4, 0, D:\aplikasi\RRapotdosen.rpt:This field name is not known.
02/08/13, 17:23:05, 4, 0, D:\aplikasi\RRapotdosen.rpt:This field name is not known.
02/08/13, 17:23:05, 4, 0, D:\aplikasi\RRapotdosen.rpt:This field name is not known.
02/08/13, 17:23:06, 4, 0, D:\aplikasi\RRapotdosen.rpt:This field name is not known.
02/08/13, 17:23:06, 4, 0, D:\aplikasi\RRapotdosen.rpt:This field name is not known.
02/08/13, 17:23:06, 4, 0, D:\aplikasi\RRapotdosen.rpt:This field name is not known.
02/08/13, 17:23:06, 4, 0, D:\aplikasi\RRapotdosen.rpt:This field name is not known.
02/08/13, 17:23:07, 4, 0, D:\aplikasi\RRapotdosen.rpt:This field name is not known.
02/08/13, 17:23:07, 4, 0, D:\aplikasi\RRapotdosen.rpt:This field name is not known.
02/08/13, 17:23:07, 4, 0, D:\aplikasi\RRapotdosen.rpt:This field name is not known.
02/08/13, 17:23:07, 4, 0, D:\aplikasi\RRapotdosen.rpt:This field name is not known.
02/08/13, 17:23:08, 4, 0, D:\aplikasi\RRapotdosen.rpt:This field name is not known.
02/08/13, 17:23:08, 4, 0, D:\aplikasi\RRapotdosen.rpt:This field name is not known.
02/08/13, 17:23:08, 4, 0, D:\aplikasi\RRapotdosen.rpt:This field name is not known.
02/08/13, 17:23:08, 4, 0, D:\aplikasi\RRapotdosen.rpt:This field name is not known.
02/08/13, 17:23:08, 4, 0, D:\aplikasi\RRapotdosen.rpt:This field name is not known.
02/08/13, 17:23:08, 4, 0, D:\aplikasi\RRapotdosen.rpt:This field name is not known.
02/08/13, 17:23:09, 4, 0, D:\aplikasi\RRapotdosen.rpt:This field name is not known.
02/13/13, 18:08:51, 4, 0, D:\aplikasi\RRapotdosen.rpt:This field name is not known.
02/13/13, 18:09:08, 4, 0, D:\aplikasi\RRapotdosen.rpt:This field name is not known.
02/13/13, 18:09:30, 4, 0, D:\aplikasi\RRapotdosen.rpt:This field name is not known.
02/13/13, 18:09:31, 4, 0, D:\aplikasi\RRapotdosen.rpt:This field name is not known.
02/13/13, 18:09:31, 4, 0, D:\aplikasi\RRapotdosen.rpt:This field name is not known.
02/13/13, 18:09:31, 4, 0, D:\aplikasi\RRapotdosen.rpt:This field name is not known.
02/13/13, 19:03:36, 4, 0, D:\aplikasi\RRapotdosen.rpt:Cannot open database.
02/13/13, 19:03:36, 4, 0, D:\aplikasi\RRapotdosen.rpt:File not found
02/13/13, 19:04:17, 4, 0, D:\aplikasi\RRapotdosen.rpt:Cannot open database.
02/13/13, 19:04:17, 4, 0, D:\aplikasi\RRapotdosen.rpt:File not found
02/13/13, 19:05:51, 4, 0, D:\aplikasi\RRapotdosen.rpt:Cannot open database.
02/13/13, 19:05:51, 4, 0, D:\aplikasi\RRapotdosen.rpt:File not found
03/01/13, 08:57:13, 4, 0, \\Akademik02\aplikasi\RRapotdosen.rpt:Error starting print job. Please check your printer or network connection.
03/01/13, 08:58:45, 4, 0, \\Akademik02\aplikasi\RRapotdosen.rpt:Error starting print job. Please check your printer or network connection.
03/04/13, 17:40:51, 4, 0, D:\aplikasi\RRekhonor.rpt:Cannot open database.
03/04/13, 17:40:51, 4, 0, D:\aplikasi\RRekhonor.rpt:Open database session failed.
03/16/13, 09:28:06, 4, 0, \\Akademik02\aplikasi\Rhonorujian.rpt:Error starting print job. Please check your printer or network connection.
04/24/13, 17:43:53, 4, 0, \\Akademik02\aplikasi\Rhonor.rpt:Error starting print job. Please check your printer or network connection.
05/28/13, 11:20:51, 4, 0, \\Akademik02\aplikasi\Rhonorujian.rpt:Error starting print job. Please check your printer or network connection.
05/28/13, 11:21:20, 4, 0, \\Akademik02\aplikasi\Rhonorujian.rpt:Error starting print job. Please check your printer or network connection.
06/14/13, 20:45:04, 4, 0, D:\aplikasi\Rrekhonorujian.rpt:Error starting print job. Please check your printer or network connection.
07/08/13, 15:22:54, 4, 0, \\Akademik02\aplikasi\Rhonor.rpt:Error starting print job. Please check your printer or network connection.
09/09/13, 08:08:47, 4, 0, \\Akademik02\aplikasi\Rhonorujian.rpt:Error starting print job. Please check your printer or network connection.
12/12/13, 16:49:04, 4, 0, \\Akademik01\aplikasi\Rhonorujian.rpt:Error starting print job. Please check your printer or network connection.
12/12/13, 16:49:28, 4, 0, \\Akademik01\aplikasi\Rhonorujian.rpt:Error starting print job. Please check your printer or network connection.
02/08/14, 08:27:17, 4, 0, \\AKADEMIK01\aplikasi\Rhonor.rpt:Error starting print job. Please check your printer or network connection.
02/08/14, 08:27:46, 4, 0, \\AKADEMIK01\aplikasi\Rhonor.rpt:Error starting print job. Please check your printer or network connection.
04/04/14, 18:37:41, 4, 0, D:\aplikasi\RRekhonor.rpt:This field name is not known.
10/07/14, 16:43:12, 4, 0, \\192.168.2.250\alam\APLIKASI\RRekhonor.rpt:Cannot open database.
10/07/14, 16:43:12, 4, 0, \\192.168.2.250\alam\APLIKASI\RRekhonor.rpt:File permission error.
10/13/14, 07:31:17, 4, 0, \\192.168.2.250\alam\APLIKASI\RRekhonor.rpt:Cannot open database.
10/13/14, 07:31:17, 4, 0, \\192.168.2.250\alam\APLIKASI\RRekhonor.rpt:File permission error.
10/13/14, 07:46:32, 4, 0, \\192.168.2.250\alam\APLIKASI\Rhonor.rpt:Cannot open database.
10/13/14, 07:46:32, 4, 0, \\192.168.2.250\alam\APLIKASI\Rhonor.rpt:File permission error.
10/13/14, 10:09:01, 4, 0, \\192.168.2.250\alam\APLIKASI\RRekhonor.rpt:Cannot open database.
10/13/14, 10:09:01, 4, 0, \\192.168.2.250\alam\APLIKASI\RRekhonor.rpt:File permission error.
10/13/14, 10:10:45, 4, 0, \\192.168.2.250\alam\APLIKASI\RRekhonor.rpt:Cannot open database.
10/13/14, 10:10:45, 4, 0, \\192.168.2.250\alam\APLIKASI\RRekhonor.rpt:File permission error.
11/07/14, 15:12:48, 4, 0, \\192.168.2.250\alam\APLIKASI\Rhonor.rpt:Cannot open database.
11/07/14, 15:12:48, 4, 0, \\192.168.2.250\alam\APLIKASI\Rhonor.rpt:File permission error.
11/07/14, 15:13:24, 4, 0, \\192.168.2.250\alam\APLIKASI\Rhonor.rpt:Cannot open database.
11/07/14, 15:13:24, 4, 0, \\192.168.2.250\alam\APLIKASI\Rhonor.rpt:File permission error.
11/07/14, 16:40:00, 4, 0, \\192.168.2.250\alam\APLIKASI\Rhonor.rpt:Cannot open database.
11/07/14, 16:40:00, 4, 0, \\192.168.2.250\alam\APLIKASI\Rhonor.rpt:File permission error.
11/08/14, 08:34:43, 4, 0, \\192.168.2.250\alam\APLIKASI\Rhonor.rpt:Cannot open database.
11/08/14, 08:34:43, 4, 0, \\192.168.2.250\alam\APLIKASI\Rhonor.rpt:File permission error.
11/11/14, 17:20:55, 4, 0, Z:\APLIKASI\Rrekhonorujian.rpt:Cannot open database.
11/11/14, 17:20:55, 4, 0, Z:\APLIKASI\Rrekhonorujian.rpt:File permission error.
11/11/14, 17:21:21, 4, 0, Z:\APLIKASI\Rrekhonorujian.rpt:Cannot open database.
11/11/14, 17:21:21, 4, 0, Z:\APLIKASI\Rrekhonorujian.rpt:File permission error.
11/11/14, 17:21:41, 4, 0, Z:\APLIKASI\Rrekhonorujian.rpt:Cannot open database.
11/11/14, 17:21:41, 4, 0, Z:\APLIKASI\Rrekhonorujian.rpt:File permission error.
11/11/14, 17:23:33, 4, 0, Z:\APLIKASI\Rhonorujian.rpt:Cannot open database.
11/11/14, 17:23:33, 4, 0, Z:\APLIKASI\Rhonorujian.rpt:File permission error.
11/11/14, 17:23:54, 4, 0, Z:\APLIKASI\Rrekhonorujian.rpt:Cannot open database.
11/11/14, 17:23:54, 4, 0, Z:\APLIKASI\Rrekhonorujian.rpt:File permission error.
11/11/14, 17:24:56, 4, 0, Z:\APLIKASI\RRekhonor.rpt:Cannot open database.
11/11/14, 17:24:56, 4, 0, Z:\APLIKASI\RRekhonor.rpt:File permission error.
11/11/14, 17:26:21, 4, 0, Z:\APLIKASI\Rrekhonorujian.rpt:Cannot open database.
11/11/14, 17:26:21, 4, 0, Z:\APLIKASI\Rrekhonorujian.rpt:File permission error.
11/11/14, 17:29:45, 4, 0, Z:\APLIKASI\Rrekhonorujian.rpt:Cannot open database.
11/11/14, 17:29:45, 4, 0, Z:\APLIKASI\Rrekhonorujian.rpt:File permission error.
11/11/14, 17:31:05, 4, 0, Z:\APLIKASI\Rrekhonorujian.rpt:Cannot open database.
11/11/14, 17:31:05, 4, 0, Z:\APLIKASI\Rrekhonorujian.rpt:File permission error.
02/25/15, 08:54:40, 4, 0, \\192.168.2.250\eddy87\AKADEMIK\2014-2015\APLIKASI\Rrekhonorujian.rpt:Error starting print job. Please check your printer or network connection.
03/27/15, 17:10:02, 4, 0, \\192.168.2.250\eddy87\AKADEMIK\2014-2015\APLIKASI\RRekhonor.rpt:Cannot open database.
03/27/15, 17:10:02, 4, 0, \\192.168.2.250\eddy87\AKADEMIK\2014-2015\APLIKASI\RRekhonor.rpt:File not found
03/27/15, 17:10:33, 4, 0, \\192.168.2.250\eddy87\AKADEMIK\2014-2015\APLIKASI\RRekhonor.rpt:Cannot open database.
03/27/15, 17:10:33, 4, 0, \\192.168.2.250\eddy87\AKADEMIK\2014-2015\APLIKASI\RRekhonor.rpt:File not found
03/27/15, 17:12:22, 4, 0, Z:\AKADEMIK\2014-2015\APLIKASI\RRekhonor.rpt:Cannot open database.
03/27/15, 17:12:22, 4, 0, Z:\AKADEMIK\2014-2015\APLIKASI\RRekhonor.rpt:File not found
04/25/15, 11:27:50, 4, 0, Z:\AKADEMIK\2014-2015\APLIKASI\RRekRapotdosen.rpt:This field name is not known.
04/25/15, 11:55:15, 4, 0, Z:\AKADEMIK\2014-2015\APLIKASI\RRekRapotdosen.rpt:This field name is not known.
12/12/15, 16:31:14, 4, 0, Z:\AKADEMIK\2014-2015\APLIKASI\Rhonor.rpt:Cannot open database.
12/12/15, 16:31:14, 4, 0, Z:\AKADEMIK\2014-2015\APLIKASI\Rhonor.rpt:File permission error.
12/12/15, 16:31:34, 4, 0, Z:\AKADEMIK\2014-2015\APLIKASI\RRekhonor.rpt:Cannot open database.
12/12/15, 16:31:34, 4, 0, Z:\AKADEMIK\2014-2015\APLIKASI\RRekhonor.rpt:File permission error.
12/12/15, 16:32:01, 4, 0, Z:\AKADEMIK\2014-2015\APLIKASI\RRekhonor.rpt:Cannot open database.
12/12/15, 16:32:01, 4, 0, Z:\AKADEMIK\2014-2015\APLIKASI\RRekhonor.rpt:File permission error.
12/12/15, 16:34:00, 4, 0, Z:\AKADEMIK\2014-2015\APLIKASI\Rhonor.rpt:Cannot open database.
12/12/15, 16:34:00, 4, 0, Z:\AKADEMIK\2014-2015\APLIKASI\Rhonor.rpt:File permission error.
12/12/15, 16:35:02, 4, 0, Z:\AKADEMIK\2014-2015\APLIKASI\RRekhonor.rpt:Cannot open database.
12/12/15, 16:35:02, 4, 0, Z:\AKADEMIK\2014-2015\APLIKASI\RRekhonor.rpt:File permission error.
12/12/15, 16:36:03, 4, 0, Z:\AKADEMIK\2014-2015\APLIKASI\Rhonor.rpt:Cannot open database.
12/12/15, 16:36:03, 4, 0, Z:\AKADEMIK\2014-2015\APLIKASI\Rhonor.rpt:File permission error.
12/12/15, 16:42:16, 4, 0, Z:\AKADEMIK\2014-2015\APLIKASI\RRekhonor.rpt:Cannot open database.
12/12/15, 16:42:16, 4, 0, Z:\AKADEMIK\2014-2015\APLIKASI\RRekhonor.rpt:File permission error.
12/15/15, 16:59:07, 4, 0, Z:\AKADEMIK\2014-2015\APLIKASI\RRekhonor.rpt:Cannot open database.
12/15/15, 16:59:07, 4, 0, Z:\AKADEMIK\2014-2015\APLIKASI\RRekhonor.rpt:File permission error.
12/15/15, 17:01:53, 4, 0, Z:\AKADEMIK\2014-2015\APLIKASI\RRekhonor.rpt:Cannot open database.
12/15/15, 17:01:53, 4, 0, Z:\AKADEMIK\2014-2015\APLIKASI\RRekhonor.rpt:File permission error.
12/15/15, 17:02:57, 4, 0, Z:\AKADEMIK\2014-2015\APLIKASI\RRapotdosen.rpt:Cannot open database.
12/15/15, 17:02:57, 4, 0, Z:\AKADEMIK\2014-2015\APLIKASI\RRapotdosen.rpt:File permission error.
12/29/16, 12:09:54, 4, 0, E:\Akademik 2016\2016-2017\APLIKASI\Rrekhonorujian.rpt:This field name is not known.
01/23/17, 08:30:17, 4, 0, E:\Akademik 2016\2016-2017\APLIKASI\RRekhonor.rpt:This field name is not known.
